<?xml version="1.0" encoding="UTF-8"?>
<!-- Generated by org.testng.reporters.JUnitReportReporter -->
<testsuite skipped="0" hostname="VMALAKAR01" name="VM.Selenium_Maven.AppTest" tests="1" failures="0" timestamp="25 Sep 2018 11:08:12 GMT" time="10.734" errors="0">
  <testcase name="main1" time="10.734" classname="VM.Selenium_Maven.AppTest"/>
</testsuite> <!-- VM.Selenium_Maven.AppTest -->
